<?xml version="1.0" encoding="UTF-8"?>
<!-- Generated by org.testng.reporters.JUnitXMLReporter -->
<testsuite ignored="0" hostname="EC2AMAZ-8KL45D2" failures="0" tests="7" name="Default test" time="6.618" errors="0" timestamp="2024-10-07T06:55:12 UTC">
  <testcase classname="com.spree.test.Countries" name="T01_getDefaultCountries" time="2.67"/>
  <testcase classname="com.spree.test.Countries" name="T02_retrieveaCountry" time="0.26"/>
  <testcase classname="com.spree.test.Countries" name="T02_retrieveaCountry" time="0.205"/>
  <testcase classname="com.spree.test.Countries" name="T02_retrieveaCountry" time="0.205"/>
  <testcase classname="com.spree.test.Countries" name="T02_retrieveaCountry" time="0.204"/>
  <testcase classname="com.spree.test.Countries" name="T02_retrieveaCountry" time="0.217"/>
  <testcase classname="com.spree.test.Countries" name="T03_listallCountries" time="1.681"/>
</testsuite> <!-- Default test -->
